<?xml version="1.0" encoding="UTF-8"?>
<testsuite name="DiscountCalculatorTest" tests="1" skipped="0" failures="0" errors="0" timestamp="2021-07-28T19:27:39" hostname="MacBook-Pro-de-Bianca.local" time="0.015">
  <properties/>
  <testcase name="shouldGiveDiscountWhenPriceIs500()" classname="DiscountCalculatorTest" time="0.015"/>
  <system-out><![CDATA[]]></system-out>
  <system-err><![CDATA[]]></system-err>
</testsuite>
