<?xml version="1.0" encoding="UTF-8"?>
<testsuite name="DiscountCalculatorTest" tests="1" skipped="0" failures="0" errors="0" timestamp="2021-07-29T17:22:26" hostname="MacBook-Pro-de-Bianca.local" time="0.012">
  <properties/>
  <testcase name="shouldGive5PercentDiscountWhenPriceIsLessThan500()" classname="DiscountCalculatorTest" time="0.012"/>
  <system-out><![CDATA[]]></system-out>
  <system-err><![CDATA[]]></system-err>
</testsuite>
